2025-03-09 13:00:46,321 work session started
2025-03-09 13:00:47,157 Dayandirildi
2025-03-09 13:33:41,230 Dayandirildi
2025-03-09 14:13:08,186 Failed to fetch updates - TelegramNetworkError: HTTP Client says - Request timeout error
2025-03-09 14:13:08,186 Sleep for 1.000000 seconds and try again... (tryings = 0, bot id = 7702813134)
2025-03-09 14:27:50,970 Failed to fetch updates - TelegramNetworkError: HTTP Client says - Request timeout error
2025-03-09 14:27:50,970 Sleep for 1.000000 seconds and try again... (tryings = 0, bot id = 7702813134)
2025-03-09 14:49:14,276 work session started
2025-03-09 14:49:15,869 Dayandirildi
2025-03-09 14:55:59,184 Failed to fetch updates - TelegramNetworkError: HTTP Client says - Request timeout error
2025-03-09 14:55:59,185 Sleep for 1.000000 seconds and try again... (tryings = 0, bot id = 7702813134)
2025-03-09 15:00:19,489 Bot crashed due to an error!
2025-03-09 15:00:25,325 Bot crashed due to an error!
2025-03-09 15:01:16,551 work session started
2025-03-09 15:09:19,631 Bot crashed due to an error!
2025-03-09 16:27:17,455 Bot crashed due to an error!
2025-03-09 16:45:55,616 work session started
2025-03-09 16:46:16,246 Dayandirildi
2025-03-09 16:46:23,548 added note
2025-03-09 16:46:55,092 not added notte
2025-03-09 16:47:01,926 added note
2025-03-09 16:47:04,396 Dayandirildi
2025-03-09 16:47:06,876 work session started
2025-03-09 16:47:08,253 show watch
2025-03-09 16:47:13,201 not added notte
2025-03-09 16:47:20,283 work session started
2025-03-10 00:37:39,486 Bot crashed due to an error!
